<?xml version="1.0" encoding="UTF-8"?>
<!-- Generated by org.testng.reporters.JUnitReportReporter -->
<testsuite hostname="DESKTOP-CRGJO43" failures="0" tests="1" name="testCases.CMS_Brand_Listing_Page" time="19.214" errors="0" timestamp="2022-01-24T18:16:30 IST" skipped="0">
  <testcase classname="testCases.CMS_Brand_Listing_Page" name="brand_listing_page_test" time="19.214"/>
</testsuite> <!-- testCases.CMS_Brand_Listing_Page -->
