<?xml version="1.0" encoding="UTF-8"?>
<!-- Generated by org.testng.reporters.JUnitReportReporter -->
<testsuite hostname="DESKTOP-CRGJO43" failures="0" tests="1" name="testCases.CAMS_Logout_Test" time="2.588" errors="0" timestamp="2022-03-15T20:52:46 IST" skipped="0">
  <testcase classname="testCases.CAMS_Logout_Test" name="doing_Logout" time="2.588"/>
</testsuite> <!-- testCases.CAMS_Logout_Test -->
