<?xml version="1.0" encoding="UTF-8"?>
<!-- Generated by org.testng.reporters.JUnitReportReporter -->
<testsuite hostname="DESKTOP-CRGJO43" failures="0" tests="1" name="testCases.CAMS_Login_Logout_Test" time="2.486" errors="0" timestamp="2021-12-29T23:34:13 IST" skipped="0">
  <testcase classname="testCases.CAMS_Login_Logout_Test" name="doing_Logout" time="2.486"/>
</testsuite> <!-- testCases.CAMS_Login_Logout_Test -->
